TN:
SF:src\redis_data_server.js
FN:18,(anonymous_0)
FN:36,(anonymous_1)
FN:44,(anonymous_2)
FN:46,(anonymous_3)
FN:47,(anonymous_4)
FN:63,(anonymous_5)
FN:70,(anonymous_6)
FN:71,(anonymous_7)
FN:85,(anonymous_8)
FN:87,(anonymous_9)
FN:88,(anonymous_10)
FN:102,(anonymous_11)
FN:104,(anonymous_12)
FN:105,(anonymous_13)
FN:121,(anonymous_14)
FN:123,(anonymous_15)
FN:124,(anonymous_16)
FN:140,(anonymous_17)
FN:142,(anonymous_18)
FN:143,(anonymous_19)
FN:157,(anonymous_20)
FN:159,(anonymous_21)
FN:160,(anonymous_22)
FN:174,(anonymous_23)
FN:182,(anonymous_24)
FNF:25
FNH:25
FNDA:83,(anonymous_0)
FNDA:3,(anonymous_1)
FNDA:168,(anonymous_2)
FNDA:168,(anonymous_3)
FNDA:168,(anonymous_4)
FNDA:121,(anonymous_5)
FNDA:121,(anonymous_6)
FNDA:121,(anonymous_7)
FNDA:153,(anonymous_8)
FNDA:153,(anonymous_9)
FNDA:153,(anonymous_10)
FNDA:6,(anonymous_11)
FNDA:6,(anonymous_12)
FNDA:6,(anonymous_13)
FNDA:7,(anonymous_14)
FNDA:7,(anonymous_15)
FNDA:7,(anonymous_16)
FNDA:4,(anonymous_17)
FNDA:4,(anonymous_18)
FNDA:4,(anonymous_19)
FNDA:12049,(anonymous_20)
FNDA:12049,(anonymous_21)
FNDA:12049,(anonymous_22)
FNDA:151,(anonymous_23)
FNDA:126,(anonymous_24)
DA:3,1
DA:4,1
DA:6,1
DA:7,1
DA:8,1
DA:20,83
DA:24,83
DA:28,83
DA:30,83
DA:38,3
DA:46,168
DA:47,168
DA:52,168
DA:53,3
DA:55,168
DA:65,121
DA:67,121
DA:68,10
DA:70,121
DA:71,121
DA:76,121
DA:87,153
DA:88,153
DA:93,153
DA:104,6
DA:105,6
DA:106,6
DA:107,3
DA:109,6
DA:110,3
DA:112,6
DA:123,7
DA:124,7
DA:125,7
DA:126,2
DA:128,7
DA:129,2
DA:131,7
DA:142,4
DA:143,4
DA:148,4
DA:159,12049
DA:160,12049
DA:165,12049
DA:176,151
DA:184,126
DA:186,126
DA:187,2
DA:189,126
DA:193,1
LF:50
LH:50
BRDA:20,0,0,1
BRDA:20,0,1,82
BRDA:24,1,0,1
BRDA:24,1,1,82
BRDA:28,2,0,1
BRDA:28,2,1,82
BRDA:52,3,0,3
BRDA:52,3,1,165
BRDA:52,4,0,168
BRDA:52,4,1,122
BRDA:67,5,0,10
BRDA:67,5,1,111
BRDA:106,6,0,3
BRDA:106,6,1,3
BRDA:109,7,0,3
BRDA:109,7,1,3
BRDA:125,8,0,2
BRDA:125,8,1,5
BRDA:128,9,0,2
BRDA:128,9,1,5
BRDA:182,10,0,1
BRDA:186,11,0,2
BRDA:186,11,1,124
BRDA:186,12,0,126
BRDA:186,12,1,124
BRF:25
BRH:25
end_of_record
TN:
SF:src\redis_data_server_plugin.js
FN:6,(anonymous_0)
FNF:1
FNH:1
FNDA:2,(anonymous_0)
DA:3,1
DA:4,1
DA:6,1
DA:7,2
DA:8,2
LF:5
LH:5
BRF:0
BRH:0
end_of_record
