TN:
SF:src\redis_data_server.js
FN:18,(anonymous_0)
FN:36,(anonymous_1)
FN:44,(anonymous_2)
FN:46,(anonymous_3)
FN:47,(anonymous_4)
FN:63,(anonymous_5)
FN:70,(anonymous_6)
FN:71,(anonymous_7)
FN:85,(anonymous_8)
FN:87,(anonymous_9)
FN:88,(anonymous_10)
FN:102,(anonymous_11)
FN:104,(anonymous_12)
FN:105,(anonymous_13)
FN:121,(anonymous_14)
FN:123,(anonymous_15)
FN:124,(anonymous_16)
FN:140,(anonymous_17)
FN:142,(anonymous_18)
FN:143,(anonymous_19)
FN:157,(anonymous_20)
FN:159,(anonymous_21)
FN:160,(anonymous_22)
FN:174,(anonymous_23)
FN:182,(anonymous_24)
FNF:25
FNH:25
FNDA:81,(anonymous_0)
FNDA:3,(anonymous_1)
FNDA:768,(anonymous_2)
FNDA:768,(anonymous_3)
FNDA:768,(anonymous_4)
FNDA:549,(anonymous_5)
FNDA:549,(anonymous_6)
FNDA:549,(anonymous_7)
FNDA:303,(anonymous_8)
FNDA:303,(anonymous_9)
FNDA:303,(anonymous_10)
FNDA:6,(anonymous_11)
FNDA:6,(anonymous_12)
FNDA:6,(anonymous_13)
FNDA:7,(anonymous_14)
FNDA:7,(anonymous_15)
FNDA:7,(anonymous_16)
FNDA:4,(anonymous_17)
FNDA:4,(anonymous_18)
FNDA:4,(anonymous_19)
FNDA:23578,(anonymous_20)
FNDA:23578,(anonymous_21)
FNDA:23578,(anonymous_22)
FNDA:301,(anonymous_23)
FNDA:554,(anonymous_24)
DA:3,1
DA:4,1
DA:6,1
DA:7,1
DA:8,1
DA:20,81
DA:24,81
DA:28,81
DA:30,81
DA:38,3
DA:46,768
DA:47,768
DA:52,768
DA:53,3
DA:55,768
DA:65,549
DA:67,549
DA:68,10
DA:70,549
DA:71,549
DA:76,549
DA:87,303
DA:88,303
DA:93,303
DA:104,6
DA:105,6
DA:106,6
DA:107,3
DA:109,6
DA:110,3
DA:112,6
DA:123,7
DA:124,7
DA:125,7
DA:126,2
DA:128,7
DA:129,2
DA:131,7
DA:142,4
DA:143,4
DA:148,4
DA:159,23578
DA:160,23578
DA:165,23578
DA:176,301
DA:184,554
DA:186,554
DA:187,2
DA:189,554
DA:193,1
LF:50
LH:50
BRDA:20,0,0,1
BRDA:20,0,1,80
BRDA:24,1,0,1
BRDA:24,1,1,80
BRDA:28,2,0,1
BRDA:28,2,1,80
BRDA:52,3,0,3
BRDA:52,3,1,765
BRDA:52,4,0,768
BRDA:52,4,1,594
BRDA:67,5,0,10
BRDA:67,5,1,539
BRDA:106,6,0,3
BRDA:106,6,1,3
BRDA:109,7,0,3
BRDA:109,7,1,3
BRDA:125,8,0,2
BRDA:125,8,1,5
BRDA:128,9,0,2
BRDA:128,9,1,5
BRDA:182,10,0,1
BRDA:186,11,0,2
BRDA:186,11,1,552
BRDA:186,12,0,554
BRDA:186,12,1,552
BRF:25
BRH:25
end_of_record
